Arguments: 
  /Users/aatasoy/.nvm/versions/node/v10.19.0/bin/node /Users/aatasoy/.yarn/bin/yarn.js

PATH: 
  /Users/aatasoy/.yarn/bin:/Users/aatasoy/.config/yarn/global/node_modules/.bin:/Users/aatasoy/.nvm/versions/node/v10.19.0/bin:/usr/local/bin:/usr/bin:/bin:/usr/sbin:/sbin:/usr/local/laps:/Users/aatasoy/.yarn/bin:/Users/aatasoy/.config/yarn/global/node_modules/.bin:/Users/aatasoy/.nvm/versions/node/v10.19.0/bin:/usr/local/mongodb/bin:/usr/local/mongodb/bin

Yarn version: 
  1.22.0

Node version: 
  10.19.0

Platform: 
  darwin x64

Trace: 
  Error: http://ec2-3-8-20-173.eu-west-2.compute.amazonaws.com:8081/repository/npm-hosted/lerna: Package 'lerna' not found
      at Request.params.callback [as _callback] (/Users/aatasoy/.yarn/lib/cli.js:66975:18)
      at Request.self.callback (/Users/aatasoy/.yarn/lib/cli.js:140727:22)
      at Request.emit (events.js:198:13)
      at Request.<anonymous> (/Users/aatasoy/.yarn/lib/cli.js:141699:10)
      at Request.emit (events.js:198:13)
      at IncomingMessage.<anonymous> (/Users/aatasoy/.yarn/lib/cli.js:141621:12)
      at Object.onceWrapper (events.js:286:20)
      at IncomingMessage.emit (events.js:203:15)
      at endReadableNT (_stream_readable.js:1145:12)
      at process._tickCallback (internal/process/next_tick.js:63:19)

npm manifest: 
  {
    "name": "nexus-repo",
    "version": "1.0.0",
    "main": "index.js",
    "repository": "git@github.com:menthena/nexus-repo.git",
    "author": "Ahmet Atasoy <menthena@gmail.com>",
    "license": "MIT",
    "publishConfig": {
      "registry": "http://ec2-3-8-20-173.eu-west-2.compute.amazonaws.com:8081/repository/npm-hosted/"
    },
    "devDependencies": {
      "lerna": "^3.22.1"
    }
  }

yarn manifest: 
  No manifest

Lockfile: 
  # THIS IS AN AUTOGENERATED FILE. DO NOT EDIT THIS FILE DIRECTLY.
  # yarn lockfile v1
